Arguments: 
  /usr/local/Cellar/node/14.12.0/bin/node /usr/local/bin/yarn install

PATH: 
  /Users/cosmo/Desktop/Flutter/flutter/bin:/usr/local/bin:/usr/bin:/bin:/usr/sbin:/sbin:/Library/Apple/usr/bin:/Users/cosmo/Desktop/cosmo项目/git/tableview/node_modules/.bin:/Users/cosmo/Library/Android/sdk/tools:/Users/cosmo/Library/Android/sdk/platform-tools

Yarn version: 
  1.22.5

Node version: 
  14.12.0

Platform: 
  darwin x64

Trace: 
  SyntaxError: /Users/cosmo/Desktop/cosmo项目/git/tableview/package.json: Unexpected token } in JSON at position 608
      at JSON.parse (<anonymous>)
      at /usr/local/lib/node_modules/yarn/lib/cli.js:1625:59
      at Generator.next (<anonymous>)
      at step (/usr/local/lib/node_modules/yarn/lib/cli.js:310:30)
      at /usr/local/lib/node_modules/yarn/lib/cli.js:321:13

npm manifest: 
  {
    "name": "react-native-tableview",
    "version": "1.0.0",
    "description": "",
    "main": "index.js",
    "scripts": {
      "test": "echo \"Error: no test specified\" && exit 1"
    },
    "keywords": [
      "react-native",
      "tableview",
      "iOS",
      "Android"
    ],
    "repository": {
      "type": "git",
      "url": "git+https://github.com/jiang756797147/tableview.git"
    },
    "author": "jiang",
    "license": "MIT",
    "peerDependencies": {
      "react-native": "^0.41.2"
    },
    "dependencies": {
      "native-base": "^2.13.14",
      "prop-types": "^15.7.2",
      "react": "16.13.1",
      "react-native": "0.63.3",
    },
    "devDependencies": {
      "eslint": "^7.9.0",
      "jest": "^26.4.2"
    },
    "jest": {
      "preset": "react-native"
    }
  }

yarn manifest: 
  No manifest

Lockfile: 
  No lockfile
